[debug] [2021-03-02T16:07:54.270Z] ----------------------------------------------------------------------
[debug] [2021-03-02T16:07:54.273Z] Command:       C:\Program Files\nodejs\node.exe C:\Users\qqpan\AppData\Roaming\npm\node_modules\firebase-tools\lib\bin\firebase.js init
[debug] [2021-03-02T16:07:54.274Z] CLI Version:   9.5.0
[debug] [2021-03-02T16:07:54.274Z] Platform:      win32
[debug] [2021-03-02T16:07:54.274Z] Node Version:  v12.18.2
[debug] [2021-03-02T16:07:54.275Z] Time:          Tue Mar 02 2021 23:07:54 GMT+0700 (GMT+07:00)
[debug] [2021-03-02T16:07:54.275Z] ----------------------------------------------------------------------
[debug] [2021-03-02T16:07:54.275Z] 
[debug] [2021-03-02T16:07:54.278Z] >>> [apiv2][query] GET https://firebase-public.firebaseio.com/cli.json [none]
[debug] [2021-03-02T16:07:54.293Z] > command requires scopes: ["email","openid","https://www.googleapis.com/auth/cloudplatformprojects.readonly","https://www.googleapis.com/auth/firebase","https://www.googleapis.com/auth/cloud-platform"]
[debug] [2021-03-02T16:07:54.294Z] > authorizing via signed-in user
[info] 
     ######## #### ########  ######## ########     ###     ######  ########
     ##        ##  ##     ## ##       ##     ##  ##   ##  ##       ##
     ######    ##  ########  ######   ########  #########  ######  ######
     ##        ##  ##    ##  ##       ##     ## ##     ##       ## ##
     ##       #### ##     ## ######## ########  ##     ##  ######  ########

You're about to initialize a Firebase project in this directory:

  C:\Q\react\friendship

Before we get started, keep in mind:

  * You are currently outside your home directory

